<?xml version="1.0" encoding="UTF-8"?>
<!-- Generated by org.testng.reporters.JUnitReportReporter -->
<testsuite skipped="0" hostname="NHL9372W" name="PracticeTest" tests="1" failures="0" timestamp="23 Aug 2021 11:28:07 GMT" time="55.778" errors="0">
  <testcase name="firstTest" time="55.778" classname="PracticeTest"/>
</testsuite> <!-- PracticeTest -->
